<?xml version="1.0" encoding="UTF-8"?>
<!-- Generated by org.testng.reporters.JUnitXMLReporter -->
<testsuite hostname="TK-IN-PC" ignored="0" name="Default test" tests="5" failures="0" timestamp="2020-03-23T15:09:51 IST" time="0.141" errors="0">
  <testcase name="test1" time="0.025" classname="schedule2.GroupsExample"/>
  <testcase name="test2" time="0.003" classname="schedule2.GroupsExample"/>
  <testcase name="test3" time="0.004" classname="schedule2.GroupsExample"/>
  <testcase name="test4" time="0.004" classname="schedule2.GroupsExample"/>
  <testcase name="test5" time="0.003" classname="schedule2.GroupsExample"/>
</testsuite> <!-- Default test -->
