<?xml version="1.0" encoding="UTF-8"?>
<!-- Generated by org.testng.reporters.JUnitXMLReporter -->
<testsuite hostname="TK-IN-PC" ignored="3" name="Test" tests="2" failures="0" timestamp="2020-03-23T15:27:26 IST" time="0.074" errors="0">
  <testcase name="test1" time="0.014" classname="schedule2.GroupsExample"/>
  <testcase name="test2" time="0.002" classname="schedule2.GroupsExample"/>
  <testcase name="test4" time="0.0" classname="schedule2.GroupsExample">
    <ignored/>
  </testcase> <!-- test4 -->
  <testcase name="test3" time="0.0" classname="schedule2.GroupsExample">
    <ignored/>
  </testcase> <!-- test3 -->
  <testcase name="test5" time="0.0" classname="schedule2.GroupsExample">
    <ignored/>
  </testcase> <!-- test5 -->
</testsuite> <!-- Test -->
